2025-08-16 07:27:10.982 +06:00 [Warning] (.) Application starting........
2025-08-16 07:27:10.990 +06:00 [Warning] (.) D:\OCT\Source\remwebsite\trunk\Real_Estate.server.api\logs\log-20251608.log
2025-08-16 09:09:16.235 +06:00 [Warning] (.) Application starting........
2025-08-16 09:09:16.248 +06:00 [Warning] (.) D:\OCT\Source\remwebsite\trunk\Real_Estate.server.api\logs\log-20251608.log
2025-08-16 09:18:38.892 +06:00 [Warning] (.) Application starting........
2025-08-16 09:18:38.900 +06:00 [Warning] (.) D:\OCT\Source\remwebsite\trunk\Real_Estate.server.api\logs\log-20251608.log
2025-08-16 10:06:28.227 +06:00 [Warning] (.) Application starting........
2025-08-16 10:06:28.239 +06:00 [Warning] (.) D:\OCT\Source\remwebsite\trunk\Real_Estate.server.api\logs\log-20251608.log
2025-08-16 10:12:27.816 +06:00 [Error] (Microsoft.AspNetCore.Diagnostics.DeveloperExceptionPageMiddleware.) An unhandled exception has occurred while executing the request.
System.ArgumentOutOfRangeException: Token a000000 is not valid in the scope of module System.ModuleHandle. (Parameter 'methodToken')
   at System.ModuleHandle.ResolveMethodHandleInternal(RuntimeModule module, Int32 methodToken, ReadOnlySpan`1 typeInstantiationContext, ReadOnlySpan`1 methodInstantiationContext)
   at System.ModuleHandle.ResolveMethodHandle(Int32 methodToken, RuntimeTypeHandle[] typeInstantiationContext, RuntimeTypeHandle[] methodInstantiationContext)
   at System.Reflection.RuntimeCustomAttributeData..ctor(RuntimeModule scope, MetadataToken caCtorToken, ConstArray& blob)
   at System.Reflection.RuntimeCustomAttributeData.GetCustomAttributes(RuntimeModule module, Int32 tkTarget)
   at System.Reflection.NullabilityInfoContext.Create(PropertyInfo propertyInfo)
   at System.Text.Json.Serialization.Metadata.DefaultJsonTypeInfoResolver.DeterminePropertyNullability(JsonPropertyInfo propertyInfo, MemberInfo memberInfo, NullabilityInfoContext nullabilityCtx)
   at System.Text.Json.Serialization.Metadata.DefaultJsonTypeInfoResolver.PopulatePropertyInfo(JsonPropertyInfo jsonPropertyInfo, MemberInfo memberInfo, JsonConverter customConverter, Nullable`1 ignoreCondition, NullabilityInfoContext nullabilityCtx, Boolean shouldCheckForRequiredKeyword, Boolean hasJsonIncludeAttribute)
   at System.Text.Json.Serialization.Metadata.DefaultJsonTypeInfoResolver.CreatePropertyInfo(JsonTypeInfo typeInfo, Type typeToConvert, MemberInfo memberInfo, NullabilityInfoContext nullabilityCtx, JsonSerializerOptions options, Boolean shouldCheckForRequiredKeyword, Boolean hasJsonIncludeAttribute)
   at System.Text.Json.Serialization.Metadata.DefaultJsonTypeInfoResolver.AddMembersDeclaredBySuperType(JsonTypeInfo typeInfo, Type currentType, NullabilityInfoContext nullabilityCtx, Boolean constructorHasSetsRequiredMembersAttribute, PropertyHierarchyResolutionState& state)
   at System.Text.Json.Serialization.Metadata.DefaultJsonTypeInfoResolver.PopulateProperties(JsonTypeInfo typeInfo, NullabilityInfoContext nullabilityCtx)
   at System.Text.Json.Serialization.Metadata.DefaultJsonTypeInfoResolver.CreateTypeInfoCore(Type type, JsonConverter converter, JsonSerializerOptions options)
   at System.Text.Json.Serialization.Metadata.DefaultJsonTypeInfoResolver.GetTypeInfo(Type type, JsonSerializerOptions options)
   at System.Text.Json.JsonSerializerOptions.GetTypeInfoNoCaching(Type type)
   at System.Text.Json.JsonSerializerOptions.CachingContext.CreateCacheEntry(Type type, CachingContext context)
--- End of stack trace from previous location ---
   at System.Text.Json.JsonSerializerOptions.GetTypeInfoInternal(Type type, Boolean ensureConfigured, Nullable`1 ensureNotNull, Boolean resolveIfMutable, Boolean fallBackToNearestAncestorType)
   at System.Text.Json.Serialization.Metadata.JsonTypeInfo.Configure()
   at System.Text.Json.Serialization.Metadata.JsonTypeInfo.<EnsureConfigured>g__ConfigureSynchronized|172_0()
   at System.Text.Json.JsonSerializerOptions.GetTypeInfoInternal(Type type, Boolean ensureConfigured, Nullable`1 ensureNotNull, Boolean resolveIfMutable, Boolean fallBackToNearestAncestorType)
   at System.Text.Json.JsonSerializerOptions.GetTypeInfo(Type type)
   at Microsoft.AspNetCore.Mvc.Formatters.SystemTextJsonOutputFormatter.WriteResponseBodyAsync(OutputFormatterWriteContext context, Encoding selectedEncoding)
   at Microsoft.AspNetCore.Mvc.Infrastructure.ResourceInvoker.<InvokeNextResultFilterAsync>g__Awaited|30_0[TFilter,TFilterAsync](ResourceInvoker invoker, Task lastTask, State next, Scope scope, Object state, Boolean isCompleted)
   at Microsoft.AspNetCore.Mvc.Infrastructure.ResourceInvoker.Rethrow(ResultExecutedContextSealed context)
   at Microsoft.AspNetCore.Mvc.Infrastructure.ResourceInvoker.ResultNext[TFilter,TFilterAsync](State& next, Scope& scope, Object& state, Boolean& isCompleted)
   at Microsoft.AspNetCore.Mvc.Infrastructure.ResourceInvoker.InvokeResultFilters()
--- End of stack trace from previous location ---
   at Microsoft.AspNetCore.Mvc.Infrastructure.ResourceInvoker.<InvokeFilterPipelineAsync>g__Awaited|20_0(ResourceInvoker invoker, Task lastTask, State next, Scope scope, Object state, Boolean isCompleted)
   at Microsoft.AspNetCore.Mvc.Infrastructure.ResourceInvoker.<InvokeAsync>g__Awaited|17_0(ResourceInvoker invoker, Task task, IDisposable scope)
   at Microsoft.AspNetCore.Mvc.Infrastructure.ResourceInvoker.<InvokeAsync>g__Awaited|17_0(ResourceInvoker invoker, Task task, IDisposable scope)
   at Microsoft.AspNetCore.Authorization.AuthorizationMiddleware.Invoke(HttpContext context)
   at Microsoft.AspNetCore.Authentication.AuthenticationMiddleware.Invoke(HttpContext context)
   at Microsoft.AspNetCore.Diagnostics.DeveloperExceptionPageMiddlewareImpl.Invoke(HttpContext context)
2025-08-16 10:13:20.913 +06:00 [Error] (Microsoft.AspNetCore.Diagnostics.DeveloperExceptionPageMiddleware.) An unhandled exception has occurred while executing the request.
System.ArgumentOutOfRangeException: Token a000000 is not valid in the scope of module System.ModuleHandle. (Parameter 'methodToken')
   at System.ModuleHandle.ResolveMethodHandleInternal(RuntimeModule module, Int32 methodToken, ReadOnlySpan`1 typeInstantiationContext, ReadOnlySpan`1 methodInstantiationContext)
   at System.ModuleHandle.ResolveMethodHandle(Int32 methodToken, RuntimeTypeHandle[] typeInstantiationContext, RuntimeTypeHandle[] methodInstantiationContext)
   at System.Reflection.RuntimeCustomAttributeData..ctor(RuntimeModule scope, MetadataToken caCtorToken, ConstArray& blob)
   at System.Reflection.RuntimeCustomAttributeData.GetCustomAttributes(RuntimeModule module, Int32 tkTarget)
   at System.Reflection.NullabilityInfoContext.Create(PropertyInfo propertyInfo)
   at System.Text.Json.Serialization.Metadata.DefaultJsonTypeInfoResolver.DeterminePropertyNullability(JsonPropertyInfo propertyInfo, MemberInfo memberInfo, NullabilityInfoContext nullabilityCtx)
   at System.Text.Json.Serialization.Metadata.DefaultJsonTypeInfoResolver.PopulatePropertyInfo(JsonPropertyInfo jsonPropertyInfo, MemberInfo memberInfo, JsonConverter customConverter, Nullable`1 ignoreCondition, NullabilityInfoContext nullabilityCtx, Boolean shouldCheckForRequiredKeyword, Boolean hasJsonIncludeAttribute)
   at System.Text.Json.Serialization.Metadata.DefaultJsonTypeInfoResolver.CreatePropertyInfo(JsonTypeInfo typeInfo, Type typeToConvert, MemberInfo memberInfo, NullabilityInfoContext nullabilityCtx, JsonSerializerOptions options, Boolean shouldCheckForRequiredKeyword, Boolean hasJsonIncludeAttribute)
   at System.Text.Json.Serialization.Metadata.DefaultJsonTypeInfoResolver.AddMembersDeclaredBySuperType(JsonTypeInfo typeInfo, Type currentType, NullabilityInfoContext nullabilityCtx, Boolean constructorHasSetsRequiredMembersAttribute, PropertyHierarchyResolutionState& state)
   at System.Text.Json.Serialization.Metadata.DefaultJsonTypeInfoResolver.PopulateProperties(JsonTypeInfo typeInfo, NullabilityInfoContext nullabilityCtx)
   at System.Text.Json.Serialization.Metadata.DefaultJsonTypeInfoResolver.CreateTypeInfoCore(Type type, JsonConverter converter, JsonSerializerOptions options)
   at System.Text.Json.Serialization.Metadata.DefaultJsonTypeInfoResolver.GetTypeInfo(Type type, JsonSerializerOptions options)
   at System.Text.Json.JsonSerializerOptions.GetTypeInfoNoCaching(Type type)
   at System.Text.Json.JsonSerializerOptions.CachingContext.CreateCacheEntry(Type type, CachingContext context)
--- End of stack trace from previous location ---
   at System.Text.Json.JsonSerializerOptions.GetTypeInfoInternal(Type type, Boolean ensureConfigured, Nullable`1 ensureNotNull, Boolean resolveIfMutable, Boolean fallBackToNearestAncestorType)
   at System.Text.Json.Serialization.Metadata.JsonTypeInfo.Configure()
   at System.Text.Json.Serialization.Metadata.JsonTypeInfo.<EnsureConfigured>g__ConfigureSynchronized|172_0()
--- End of stack trace from previous location ---
   at System.Text.Json.Serialization.Metadata.JsonTypeInfo.<EnsureConfigured>g__ConfigureSynchronized|172_0()
   at System.Text.Json.JsonSerializerOptions.GetTypeInfoInternal(Type type, Boolean ensureConfigured, Nullable`1 ensureNotNull, Boolean resolveIfMutable, Boolean fallBackToNearestAncestorType)
   at System.Text.Json.JsonSerializerOptions.GetTypeInfo(Type type)
   at Microsoft.AspNetCore.Mvc.Formatters.SystemTextJsonOutputFormatter.WriteResponseBodyAsync(OutputFormatterWriteContext context, Encoding selectedEncoding)
   at Microsoft.AspNetCore.Mvc.Infrastructure.ResourceInvoker.<InvokeNextResultFilterAsync>g__Awaited|30_0[TFilter,TFilterAsync](ResourceInvoker invoker, Task lastTask, State next, Scope scope, Object state, Boolean isCompleted)
   at Microsoft.AspNetCore.Mvc.Infrastructure.ResourceInvoker.Rethrow(ResultExecutedContextSealed context)
   at Microsoft.AspNetCore.Mvc.Infrastructure.ResourceInvoker.ResultNext[TFilter,TFilterAsync](State& next, Scope& scope, Object& state, Boolean& isCompleted)
   at Microsoft.AspNetCore.Mvc.Infrastructure.ResourceInvoker.InvokeResultFilters()
--- End of stack trace from previous location ---
   at Microsoft.AspNetCore.Mvc.Infrastructure.ResourceInvoker.<InvokeFilterPipelineAsync>g__Awaited|20_0(ResourceInvoker invoker, Task lastTask, State next, Scope scope, Object state, Boolean isCompleted)
   at Microsoft.AspNetCore.Mvc.Infrastructure.ResourceInvoker.<InvokeAsync>g__Awaited|17_0(ResourceInvoker invoker, Task task, IDisposable scope)
   at Microsoft.AspNetCore.Mvc.Infrastructure.ResourceInvoker.<InvokeAsync>g__Awaited|17_0(ResourceInvoker invoker, Task task, IDisposable scope)
   at Microsoft.AspNetCore.Authorization.AuthorizationMiddleware.Invoke(HttpContext context)
   at Microsoft.AspNetCore.Authentication.AuthenticationMiddleware.Invoke(HttpContext context)
   at Microsoft.AspNetCore.Diagnostics.DeveloperExceptionPageMiddlewareImpl.Invoke(HttpContext context)
2025-08-16 10:13:22.444 +06:00 [Error] (Microsoft.AspNetCore.Diagnostics.DeveloperExceptionPageMiddleware.) An unhandled exception has occurred while executing the request.
System.ArgumentOutOfRangeException: Token a000000 is not valid in the scope of module System.ModuleHandle. (Parameter 'methodToken')
   at System.ModuleHandle.ResolveMethodHandleInternal(RuntimeModule module, Int32 methodToken, ReadOnlySpan`1 typeInstantiationContext, ReadOnlySpan`1 methodInstantiationContext)
   at System.ModuleHandle.ResolveMethodHandle(Int32 methodToken, RuntimeTypeHandle[] typeInstantiationContext, RuntimeTypeHandle[] methodInstantiationContext)
   at System.Reflection.RuntimeCustomAttributeData..ctor(RuntimeModule scope, MetadataToken caCtorToken, ConstArray& blob)
   at System.Reflection.RuntimeCustomAttributeData.GetCustomAttributes(RuntimeModule module, Int32 tkTarget)
   at System.Reflection.NullabilityInfoContext.Create(PropertyInfo propertyInfo)
   at System.Text.Json.Serialization.Metadata.DefaultJsonTypeInfoResolver.DeterminePropertyNullability(JsonPropertyInfo propertyInfo, MemberInfo memberInfo, NullabilityInfoContext nullabilityCtx)
   at System.Text.Json.Serialization.Metadata.DefaultJsonTypeInfoResolver.PopulatePropertyInfo(JsonPropertyInfo jsonPropertyInfo, MemberInfo memberInfo, JsonConverter customConverter, Nullable`1 ignoreCondition, NullabilityInfoContext nullabilityCtx, Boolean shouldCheckForRequiredKeyword, Boolean hasJsonIncludeAttribute)
   at System.Text.Json.Serialization.Metadata.DefaultJsonTypeInfoResolver.CreatePropertyInfo(JsonTypeInfo typeInfo, Type typeToConvert, MemberInfo memberInfo, NullabilityInfoContext nullabilityCtx, JsonSerializerOptions options, Boolean shouldCheckForRequiredKeyword, Boolean hasJsonIncludeAttribute)
   at System.Text.Json.Serialization.Metadata.DefaultJsonTypeInfoResolver.AddMembersDeclaredBySuperType(JsonTypeInfo typeInfo, Type currentType, NullabilityInfoContext nullabilityCtx, Boolean constructorHasSetsRequiredMembersAttribute, PropertyHierarchyResolutionState& state)
   at System.Text.Json.Serialization.Metadata.DefaultJsonTypeInfoResolver.PopulateProperties(JsonTypeInfo typeInfo, NullabilityInfoContext nullabilityCtx)
   at System.Text.Json.Serialization.Metadata.DefaultJsonTypeInfoResolver.CreateTypeInfoCore(Type type, JsonConverter converter, JsonSerializerOptions options)
   at System.Text.Json.Serialization.Metadata.DefaultJsonTypeInfoResolver.GetTypeInfo(Type type, JsonSerializerOptions options)
   at System.Text.Json.JsonSerializerOptions.GetTypeInfoNoCaching(Type type)
   at System.Text.Json.JsonSerializerOptions.CachingContext.CreateCacheEntry(Type type, CachingContext context)
--- End of stack trace from previous location ---
   at System.Text.Json.JsonSerializerOptions.GetTypeInfoInternal(Type type, Boolean ensureConfigured, Nullable`1 ensureNotNull, Boolean resolveIfMutable, Boolean fallBackToNearestAncestorType)
   at System.Text.Json.Serialization.Metadata.JsonTypeInfo.Configure()
   at System.Text.Json.Serialization.Metadata.JsonTypeInfo.<EnsureConfigured>g__ConfigureSynchronized|172_0()
--- End of stack trace from previous location ---
   at System.Text.Json.Serialization.Metadata.JsonTypeInfo.<EnsureConfigured>g__ConfigureSynchronized|172_0()
   at System.Text.Json.JsonSerializerOptions.GetTypeInfoInternal(Type type, Boolean ensureConfigured, Nullable`1 ensureNotNull, Boolean resolveIfMutable, Boolean fallBackToNearestAncestorType)
   at System.Text.Json.JsonSerializerOptions.GetTypeInfo(Type type)
   at Microsoft.AspNetCore.Mvc.Formatters.SystemTextJsonOutputFormatter.WriteResponseBodyAsync(OutputFormatterWriteContext context, Encoding selectedEncoding)
   at Microsoft.AspNetCore.Mvc.Infrastructure.ResourceInvoker.<InvokeNextResultFilterAsync>g__Awaited|30_0[TFilter,TFilterAsync](ResourceInvoker invoker, Task lastTask, State next, Scope scope, Object state, Boolean isCompleted)
   at Microsoft.AspNetCore.Mvc.Infrastructure.ResourceInvoker.Rethrow(ResultExecutedContextSealed context)
   at Microsoft.AspNetCore.Mvc.Infrastructure.ResourceInvoker.ResultNext[TFilter,TFilterAsync](State& next, Scope& scope, Object& state, Boolean& isCompleted)
   at Microsoft.AspNetCore.Mvc.Infrastructure.ResourceInvoker.InvokeResultFilters()
--- End of stack trace from previous location ---
   at Microsoft.AspNetCore.Mvc.Infrastructure.ResourceInvoker.<InvokeFilterPipelineAsync>g__Awaited|20_0(ResourceInvoker invoker, Task lastTask, State next, Scope scope, Object state, Boolean isCompleted)
   at Microsoft.AspNetCore.Mvc.Infrastructure.ResourceInvoker.<InvokeAsync>g__Awaited|17_0(ResourceInvoker invoker, Task task, IDisposable scope)
   at Microsoft.AspNetCore.Mvc.Infrastructure.ResourceInvoker.<InvokeAsync>g__Awaited|17_0(ResourceInvoker invoker, Task task, IDisposable scope)
   at Microsoft.AspNetCore.Authorization.AuthorizationMiddleware.Invoke(HttpContext context)
   at Microsoft.AspNetCore.Authentication.AuthenticationMiddleware.Invoke(HttpContext context)
   at Microsoft.AspNetCore.Diagnostics.DeveloperExceptionPageMiddlewareImpl.Invoke(HttpContext context)
2025-08-16 10:13:37.977 +06:00 [Error] (Microsoft.AspNetCore.Diagnostics.DeveloperExceptionPageMiddleware.) An unhandled exception has occurred while executing the request.
System.ArgumentOutOfRangeException: Token a000000 is not valid in the scope of module System.ModuleHandle. (Parameter 'methodToken')
   at System.ModuleHandle.ResolveMethodHandleInternal(RuntimeModule module, Int32 methodToken, ReadOnlySpan`1 typeInstantiationContext, ReadOnlySpan`1 methodInstantiationContext)
   at System.ModuleHandle.ResolveMethodHandle(Int32 methodToken, RuntimeTypeHandle[] typeInstantiationContext, RuntimeTypeHandle[] methodInstantiationContext)
   at System.Reflection.RuntimeCustomAttributeData..ctor(RuntimeModule scope, MetadataToken caCtorToken, ConstArray& blob)
   at System.Reflection.RuntimeCustomAttributeData.GetCustomAttributes(RuntimeModule module, Int32 tkTarget)
   at System.Reflection.NullabilityInfoContext.Create(PropertyInfo propertyInfo)
   at System.Text.Json.Serialization.Metadata.DefaultJsonTypeInfoResolver.DeterminePropertyNullability(JsonPropertyInfo propertyInfo, MemberInfo memberInfo, NullabilityInfoContext nullabilityCtx)
   at System.Text.Json.Serialization.Metadata.DefaultJsonTypeInfoResolver.PopulatePropertyInfo(JsonPropertyInfo jsonPropertyInfo, MemberInfo memberInfo, JsonConverter customConverter, Nullable`1 ignoreCondition, NullabilityInfoContext nullabilityCtx, Boolean shouldCheckForRequiredKeyword, Boolean hasJsonIncludeAttribute)
   at System.Text.Json.Serialization.Metadata.DefaultJsonTypeInfoResolver.CreatePropertyInfo(JsonTypeInfo typeInfo, Type typeToConvert, MemberInfo memberInfo, NullabilityInfoContext nullabilityCtx, JsonSerializerOptions options, Boolean shouldCheckForRequiredKeyword, Boolean hasJsonIncludeAttribute)
   at System.Text.Json.Serialization.Metadata.DefaultJsonTypeInfoResolver.AddMembersDeclaredBySuperType(JsonTypeInfo typeInfo, Type currentType, NullabilityInfoContext nullabilityCtx, Boolean constructorHasSetsRequiredMembersAttribute, PropertyHierarchyResolutionState& state)
   at System.Text.Json.Serialization.Metadata.DefaultJsonTypeInfoResolver.PopulateProperties(JsonTypeInfo typeInfo, NullabilityInfoContext nullabilityCtx)
   at System.Text.Json.Serialization.Metadata.DefaultJsonTypeInfoResolver.CreateTypeInfoCore(Type type, JsonConverter converter, JsonSerializerOptions options)
   at System.Text.Json.Serialization.Metadata.DefaultJsonTypeInfoResolver.GetTypeInfo(Type type, JsonSerializerOptions options)
   at System.Text.Json.JsonSerializerOptions.GetTypeInfoNoCaching(Type type)
   at System.Text.Json.JsonSerializerOptions.CachingContext.CreateCacheEntry(Type type, CachingContext context)
--- End of stack trace from previous location ---
   at System.Text.Json.JsonSerializerOptions.GetTypeInfoInternal(Type type, Boolean ensureConfigured, Nullable`1 ensureNotNull, Boolean resolveIfMutable, Boolean fallBackToNearestAncestorType)
   at System.Text.Json.Serialization.Metadata.JsonTypeInfo.Configure()
   at System.Text.Json.Serialization.Metadata.JsonTypeInfo.<EnsureConfigured>g__ConfigureSynchronized|172_0()
--- End of stack trace from previous location ---
   at System.Text.Json.Serialization.Metadata.JsonTypeInfo.<EnsureConfigured>g__ConfigureSynchronized|172_0()
   at System.Text.Json.JsonSerializerOptions.GetTypeInfoInternal(Type type, Boolean ensureConfigured, Nullable`1 ensureNotNull, Boolean resolveIfMutable, Boolean fallBackToNearestAncestorType)
   at System.Text.Json.JsonSerializerOptions.GetTypeInfo(Type type)
   at Microsoft.AspNetCore.Mvc.Formatters.SystemTextJsonOutputFormatter.WriteResponseBodyAsync(OutputFormatterWriteContext context, Encoding selectedEncoding)
   at Microsoft.AspNetCore.Mvc.Infrastructure.ResourceInvoker.<InvokeNextResultFilterAsync>g__Awaited|30_0[TFilter,TFilterAsync](ResourceInvoker invoker, Task lastTask, State next, Scope scope, Object state, Boolean isCompleted)
   at Microsoft.AspNetCore.Mvc.Infrastructure.ResourceInvoker.Rethrow(ResultExecutedContextSealed context)
   at Microsoft.AspNetCore.Mvc.Infrastructure.ResourceInvoker.ResultNext[TFilter,TFilterAsync](State& next, Scope& scope, Object& state, Boolean& isCompleted)
   at Microsoft.AspNetCore.Mvc.Infrastructure.ResourceInvoker.InvokeResultFilters()
--- End of stack trace from previous location ---
   at Microsoft.AspNetCore.Mvc.Infrastructure.ResourceInvoker.<InvokeFilterPipelineAsync>g__Awaited|20_0(ResourceInvoker invoker, Task lastTask, State next, Scope scope, Object state, Boolean isCompleted)
   at Microsoft.AspNetCore.Mvc.Infrastructure.ResourceInvoker.<InvokeAsync>g__Awaited|17_0(ResourceInvoker invoker, Task task, IDisposable scope)
   at Microsoft.AspNetCore.Mvc.Infrastructure.ResourceInvoker.<InvokeAsync>g__Awaited|17_0(ResourceInvoker invoker, Task task, IDisposable scope)
   at Microsoft.AspNetCore.Authorization.AuthorizationMiddleware.Invoke(HttpContext context)
   at Microsoft.AspNetCore.Authentication.AuthenticationMiddleware.Invoke(HttpContext context)
   at Microsoft.AspNetCore.Diagnostics.DeveloperExceptionPageMiddlewareImpl.Invoke(HttpContext context)
2025-08-16 10:14:25.565 +06:00 [Error] (Microsoft.AspNetCore.Diagnostics.DeveloperExceptionPageMiddleware.) An unhandled exception has occurred while executing the request.
System.ArgumentOutOfRangeException: Token a000000 is not valid in the scope of module System.ModuleHandle. (Parameter 'methodToken')
   at System.ModuleHandle.ResolveMethodHandleInternal(RuntimeModule module, Int32 methodToken, ReadOnlySpan`1 typeInstantiationContext, ReadOnlySpan`1 methodInstantiationContext)
   at System.ModuleHandle.ResolveMethodHandle(Int32 methodToken, RuntimeTypeHandle[] typeInstantiationContext, RuntimeTypeHandle[] methodInstantiationContext)
   at System.Reflection.RuntimeCustomAttributeData..ctor(RuntimeModule scope, MetadataToken caCtorToken, ConstArray& blob)
   at System.Reflection.RuntimeCustomAttributeData.GetCustomAttributes(RuntimeModule module, Int32 tkTarget)
   at System.Reflection.NullabilityInfoContext.Create(PropertyInfo propertyInfo)
   at System.Text.Json.Serialization.Metadata.DefaultJsonTypeInfoResolver.DeterminePropertyNullability(JsonPropertyInfo propertyInfo, MemberInfo memberInfo, NullabilityInfoContext nullabilityCtx)
   at System.Text.Json.Serialization.Metadata.DefaultJsonTypeInfoResolver.PopulatePropertyInfo(JsonPropertyInfo jsonPropertyInfo, MemberInfo memberInfo, JsonConverter customConverter, Nullable`1 ignoreCondition, NullabilityInfoContext nullabilityCtx, Boolean shouldCheckForRequiredKeyword, Boolean hasJsonIncludeAttribute)
   at System.Text.Json.Serialization.Metadata.DefaultJsonTypeInfoResolver.CreatePropertyInfo(JsonTypeInfo typeInfo, Type typeToConvert, MemberInfo memberInfo, NullabilityInfoContext nullabilityCtx, JsonSerializerOptions options, Boolean shouldCheckForRequiredKeyword, Boolean hasJsonIncludeAttribute)
   at System.Text.Json.Serialization.Metadata.DefaultJsonTypeInfoResolver.AddMembersDeclaredBySuperType(JsonTypeInfo typeInfo, Type currentType, NullabilityInfoContext nullabilityCtx, Boolean constructorHasSetsRequiredMembersAttribute, PropertyHierarchyResolutionState& state)
   at System.Text.Json.Serialization.Metadata.DefaultJsonTypeInfoResolver.PopulateProperties(JsonTypeInfo typeInfo, NullabilityInfoContext nullabilityCtx)
   at System.Text.Json.Serialization.Metadata.DefaultJsonTypeInfoResolver.CreateTypeInfoCore(Type type, JsonConverter converter, JsonSerializerOptions options)
   at System.Text.Json.Serialization.Metadata.DefaultJsonTypeInfoResolver.GetTypeInfo(Type type, JsonSerializerOptions options)
   at System.Text.Json.JsonSerializerOptions.GetTypeInfoNoCaching(Type type)
   at System.Text.Json.JsonSerializerOptions.CachingContext.CreateCacheEntry(Type type, CachingContext context)
--- End of stack trace from previous location ---
   at System.Text.Json.JsonSerializerOptions.GetTypeInfoInternal(Type type, Boolean ensureConfigured, Nullable`1 ensureNotNull, Boolean resolveIfMutable, Boolean fallBackToNearestAncestorType)
   at System.Text.Json.JsonSerializerOptions.GetTypeInfoForRootType(Type type, Boolean fallBackToNearestAncestorType)
   at System.Text.Json.JsonSerializer.DeserializeAsync(Stream utf8Json, Type returnType, JsonSerializerOptions options, CancellationToken cancellationToken)
   at Microsoft.AspNetCore.Mvc.Formatters.SystemTextJsonInputFormatter.ReadRequestBodyAsync(InputFormatterContext context, Encoding encoding)
   at Microsoft.AspNetCore.Mvc.Formatters.SystemTextJsonInputFormatter.ReadRequestBodyAsync(InputFormatterContext context, Encoding encoding)
   at Microsoft.AspNetCore.Mvc.ModelBinding.Binders.BodyModelBinder.BindModelAsync(ModelBindingContext bindingContext)
   at Microsoft.AspNetCore.Mvc.ModelBinding.ParameterBinder.BindModelAsync(ActionContext actionContext, IModelBinder modelBinder, IValueProvider valueProvider, ParameterDescriptor parameter, ModelMetadata metadata, Object value, Object container)
   at Microsoft.AspNetCore.Mvc.Controllers.ControllerBinderDelegateProvider.<>c__DisplayClass0_0.<<CreateBinderDelegate>g__Bind|0>d.MoveNext()
--- End of stack trace from previous location ---
   at Microsoft.AspNetCore.Mvc.Infrastructure.ControllerActionInvoker.<InvokeInnerFilterAsync>g__Awaited|13_0(ControllerActionInvoker invoker, Task lastTask, State next, Scope scope, Object state, Boolean isCompleted)
   at Microsoft.AspNetCore.Mvc.Infrastructure.ResourceInvoker.<InvokeFilterPipelineAsync>g__Awaited|20_0(ResourceInvoker invoker, Task lastTask, State next, Scope scope, Object state, Boolean isCompleted)
   at Microsoft.AspNetCore.Mvc.Infrastructure.ResourceInvoker.<InvokeAsync>g__Awaited|17_0(ResourceInvoker invoker, Task task, IDisposable scope)
   at Microsoft.AspNetCore.Mvc.Infrastructure.ResourceInvoker.<InvokeAsync>g__Awaited|17_0(ResourceInvoker invoker, Task task, IDisposable scope)
   at Microsoft.AspNetCore.Authorization.AuthorizationMiddleware.Invoke(HttpContext context)
   at Microsoft.AspNetCore.Authentication.AuthenticationMiddleware.Invoke(HttpContext context)
   at Microsoft.AspNetCore.Diagnostics.DeveloperExceptionPageMiddlewareImpl.Invoke(HttpContext context)
2025-08-16 10:15:52.479 +06:00 [Error] (Microsoft.AspNetCore.Diagnostics.DeveloperExceptionPageMiddleware.) An unhandled exception has occurred while executing the request.
System.ArgumentOutOfRangeException: Token a000000 is not valid in the scope of module System.ModuleHandle. (Parameter 'methodToken')
   at System.ModuleHandle.ResolveMethodHandleInternal(RuntimeModule module, Int32 methodToken, ReadOnlySpan`1 typeInstantiationContext, ReadOnlySpan`1 methodInstantiationContext)
   at System.ModuleHandle.ResolveMethodHandle(Int32 methodToken, RuntimeTypeHandle[] typeInstantiationContext, RuntimeTypeHandle[] methodInstantiationContext)
   at System.Reflection.RuntimeCustomAttributeData..ctor(RuntimeModule scope, MetadataToken caCtorToken, ConstArray& blob)
   at System.Reflection.RuntimeCustomAttributeData.GetCustomAttributes(RuntimeModule module, Int32 tkTarget)
   at System.Reflection.NullabilityInfoContext.Create(PropertyInfo propertyInfo)
   at System.Text.Json.Serialization.Metadata.DefaultJsonTypeInfoResolver.DeterminePropertyNullability(JsonPropertyInfo propertyInfo, MemberInfo memberInfo, NullabilityInfoContext nullabilityCtx)
   at System.Text.Json.Serialization.Metadata.DefaultJsonTypeInfoResolver.PopulatePropertyInfo(JsonPropertyInfo jsonPropertyInfo, MemberInfo memberInfo, JsonConverter customConverter, Nullable`1 ignoreCondition, NullabilityInfoContext nullabilityCtx, Boolean shouldCheckForRequiredKeyword, Boolean hasJsonIncludeAttribute)
   at System.Text.Json.Serialization.Metadata.DefaultJsonTypeInfoResolver.CreatePropertyInfo(JsonTypeInfo typeInfo, Type typeToConvert, MemberInfo memberInfo, NullabilityInfoContext nullabilityCtx, JsonSerializerOptions options, Boolean shouldCheckForRequiredKeyword, Boolean hasJsonIncludeAttribute)
   at System.Text.Json.Serialization.Metadata.DefaultJsonTypeInfoResolver.AddMembersDeclaredBySuperType(JsonTypeInfo typeInfo, Type currentType, NullabilityInfoContext nullabilityCtx, Boolean constructorHasSetsRequiredMembersAttribute, PropertyHierarchyResolutionState& state)
   at System.Text.Json.Serialization.Metadata.DefaultJsonTypeInfoResolver.PopulateProperties(JsonTypeInfo typeInfo, NullabilityInfoContext nullabilityCtx)
   at System.Text.Json.Serialization.Metadata.DefaultJsonTypeInfoResolver.CreateTypeInfoCore(Type type, JsonConverter converter, JsonSerializerOptions options)
   at System.Text.Json.Serialization.Metadata.DefaultJsonTypeInfoResolver.GetTypeInfo(Type type, JsonSerializerOptions options)
   at System.Text.Json.JsonSerializerOptions.GetTypeInfoNoCaching(Type type)
   at System.Text.Json.JsonSerializerOptions.CachingContext.CreateCacheEntry(Type type, CachingContext context)
--- End of stack trace from previous location ---
   at System.Text.Json.JsonSerializerOptions.GetTypeInfoInternal(Type type, Boolean ensureConfigured, Nullable`1 ensureNotNull, Boolean resolveIfMutable, Boolean fallBackToNearestAncestorType)
   at System.Text.Json.JsonSerializerOptions.GetTypeInfoForRootType(Type type, Boolean fallBackToNearestAncestorType)
   at System.Text.Json.JsonSerializer.DeserializeAsync(Stream utf8Json, Type returnType, JsonSerializerOptions options, CancellationToken cancellationToken)
   at Microsoft.AspNetCore.Mvc.Formatters.SystemTextJsonInputFormatter.ReadRequestBodyAsync(InputFormatterContext context, Encoding encoding)
   at Microsoft.AspNetCore.Mvc.Formatters.SystemTextJsonInputFormatter.ReadRequestBodyAsync(InputFormatterContext context, Encoding encoding)
   at Microsoft.AspNetCore.Mvc.ModelBinding.Binders.BodyModelBinder.BindModelAsync(ModelBindingContext bindingContext)
   at Microsoft.AspNetCore.Mvc.ModelBinding.ParameterBinder.BindModelAsync(ActionContext actionContext, IModelBinder modelBinder, IValueProvider valueProvider, ParameterDescriptor parameter, ModelMetadata metadata, Object value, Object container)
   at Microsoft.AspNetCore.Mvc.Controllers.ControllerBinderDelegateProvider.<>c__DisplayClass0_0.<<CreateBinderDelegate>g__Bind|0>d.MoveNext()
--- End of stack trace from previous location ---
   at Microsoft.AspNetCore.Mvc.Infrastructure.ControllerActionInvoker.<InvokeInnerFilterAsync>g__Awaited|13_0(ControllerActionInvoker invoker, Task lastTask, State next, Scope scope, Object state, Boolean isCompleted)
   at Microsoft.AspNetCore.Mvc.Infrastructure.ResourceInvoker.<InvokeFilterPipelineAsync>g__Awaited|20_0(ResourceInvoker invoker, Task lastTask, State next, Scope scope, Object state, Boolean isCompleted)
   at Microsoft.AspNetCore.Mvc.Infrastructure.ResourceInvoker.<InvokeAsync>g__Awaited|17_0(ResourceInvoker invoker, Task task, IDisposable scope)
   at Microsoft.AspNetCore.Mvc.Infrastructure.ResourceInvoker.<InvokeAsync>g__Awaited|17_0(ResourceInvoker invoker, Task task, IDisposable scope)
   at Microsoft.AspNetCore.Authorization.AuthorizationMiddleware.Invoke(HttpContext context)
   at Microsoft.AspNetCore.Authentication.AuthenticationMiddleware.Invoke(HttpContext context)
   at Microsoft.AspNetCore.Diagnostics.DeveloperExceptionPageMiddlewareImpl.Invoke(HttpContext context)
2025-08-16 10:17:40.988 +06:00 [Warning] (.) Application starting........
2025-08-16 10:17:41.000 +06:00 [Warning] (.) D:\OCT\Source\remwebsite\trunk\Real_Estate.server.api\logs\log-20251608.log
2025-08-16 10:26:21.424 +06:00 [Error] (Microsoft.AspNetCore.Diagnostics.DeveloperExceptionPageMiddleware.) An unhandled exception has occurred while executing the request.
System.TypeLoadException: Could not load type '<>f__AnonymousType3`8' from assembly 'Real_Estate.server.api, Version=1.0.0.0, Culture=neutral, PublicKeyToken=null'.
   at Real_Estate.server.api.Controllers.AboutusModel.get_image
   at Microsoft.Extensions.Internal.PropertyHelper.CallNullSafePropertyGetter[TDeclaringType,TValue](Func`2 getter, Object target)
   at Microsoft.AspNetCore.Mvc.ModelBinding.Binders.ComplexObjectModelBinder.BindPropertyAsync(ModelBindingContext bindingContext, ModelMetadata property, IModelBinder propertyBinder, String fieldName, String modelName)
   at Microsoft.AspNetCore.Mvc.ModelBinding.Binders.ComplexObjectModelBinder.BindPropertiesAsync(ModelBindingContext bindingContext, Int32 propertyData, IReadOnlyList`1 boundProperties)
   at Microsoft.AspNetCore.Mvc.ModelBinding.Binders.ComplexObjectModelBinder.BindModelCoreAsync(ModelBindingContext bindingContext, Int32 propertyData)
   at Microsoft.AspNetCore.Mvc.ModelBinding.ParameterBinder.BindModelAsync(ActionContext actionContext, IModelBinder modelBinder, IValueProvider valueProvider, ParameterDescriptor parameter, ModelMetadata metadata, Object value, Object container)
   at Microsoft.AspNetCore.Mvc.Controllers.ControllerBinderDelegateProvider.<>c__DisplayClass0_0.<<CreateBinderDelegate>g__Bind|0>d.MoveNext()
--- End of stack trace from previous location ---
   at Microsoft.AspNetCore.Mvc.Infrastructure.ControllerActionInvoker.<InvokeInnerFilterAsync>g__Awaited|13_0(ControllerActionInvoker invoker, Task lastTask, State next, Scope scope, Object state, Boolean isCompleted)
   at Microsoft.AspNetCore.Mvc.Infrastructure.ResourceInvoker.<InvokeFilterPipelineAsync>g__Awaited|20_0(ResourceInvoker invoker, Task lastTask, State next, Scope scope, Object state, Boolean isCompleted)
   at Microsoft.AspNetCore.Mvc.Infrastructure.ResourceInvoker.<InvokeAsync>g__Awaited|17_0(ResourceInvoker invoker, Task task, IDisposable scope)
   at Microsoft.AspNetCore.Mvc.Infrastructure.ResourceInvoker.<InvokeAsync>g__Awaited|17_0(ResourceInvoker invoker, Task task, IDisposable scope)
   at Microsoft.AspNetCore.Authorization.AuthorizationMiddleware.Invoke(HttpContext context)
   at Microsoft.AspNetCore.Authentication.AuthenticationMiddleware.Invoke(HttpContext context)
   at Microsoft.AspNetCore.Diagnostics.DeveloperExceptionPageMiddlewareImpl.Invoke(HttpContext context)
2025-08-16 10:26:30.579 +06:00 [Warning] (.) Application starting........
2025-08-16 10:26:30.586 +06:00 [Warning] (.) D:\OCT\Source\remwebsite\trunk\Real_Estate.server.api\logs\log-20251608.log
2025-08-16 10:33:56.446 +06:00 [Warning] (.) Application starting........
2025-08-16 10:33:56.453 +06:00 [Warning] (.) D:\OCT\Source\remwebsite\trunk\Real_Estate.server.api\logs\log-20251608.log
2025-08-16 10:33:58.708 +06:00 [Error] (Microsoft.EntityFrameworkCore.Database.Command.) Failed executing DbCommand ("5"ms) [Parameters=[""], CommandType='Text', CommandTimeout='300']"
""SELECT [a].[Id], [a].[History], [a].[Mission], [a].[MissionImage], [a].[OwnerDesignation], [a].[OwnerImage], [a].[OwnerName], [a].[OwnerSpeech], [a].[Vision], [a].[VisionImage]
FROM [Aboutus] AS [a]"
2025-08-16 10:33:58.718 +06:00 [Error] (Microsoft.EntityFrameworkCore.Query.) An exception occurred while iterating over the results of a query for context type '"Real_Estate.server.api.Data.ApplicationDbContext"'."
""Microsoft.Data.SqlClient.SqlException (0x80131904): Invalid column name 'Mission'.
Invalid column name 'MissionImage'.
Invalid column name 'OwnerSpeech'.
Invalid column name 'Vision'.
Invalid column name 'VisionImage'.
   at Microsoft.Data.SqlClient.SqlCommand.<>c.<ExecuteDbDataReaderAsync>b__211_0(Task`1 result)
   at System.Threading.Tasks.ContinuationResultTaskFromResultTask`2.InnerInvoke()
   at System.Threading.ExecutionContext.RunInternal(ExecutionContext executionContext, ContextCallback callback, Object state)
--- End of stack trace from previous location ---
   at System.Threading.ExecutionContext.RunInternal(ExecutionContext executionContext, ContextCallback callback, Object state)
   at System.Threading.Tasks.Task.ExecuteWithThreadLocal(Task& currentTaskSlot, Thread threadPoolThread)
--- End of stack trace from previous location ---
   at Microsoft.EntityFrameworkCore.Storage.RelationalCommand.ExecuteReaderAsync(RelationalCommandParameterObject parameterObject, CancellationToken cancellationToken)
   at Microsoft.EntityFrameworkCore.Storage.RelationalCommand.ExecuteReaderAsync(RelationalCommandParameterObject parameterObject, CancellationToken cancellationToken)
   at Microsoft.EntityFrameworkCore.Query.Internal.SplitQueryingEnumerable`1.AsyncEnumerator.InitializeReaderAsync(AsyncEnumerator enumerator, CancellationToken cancellationToken)
   at Microsoft.EntityFrameworkCore.SqlServer.Storage.Internal.SqlServerExecutionStrategy.ExecuteAsync[TState,TResult](TState state, Func`4 operation, Func`4 verifySucceeded, CancellationToken cancellationToken)
   at Microsoft.EntityFrameworkCore.Query.Internal.SplitQueryingEnumerable`1.AsyncEnumerator.MoveNextAsync()
ClientConnectionId:5b51cbdb-a594-4527-838d-6644d5f1766a
Error Number:207,State:1,Class:16"
Microsoft.Data.SqlClient.SqlException (0x80131904): Invalid column name 'Mission'.
Invalid column name 'MissionImage'.
Invalid column name 'OwnerSpeech'.
Invalid column name 'Vision'.
Invalid column name 'VisionImage'.
   at Microsoft.Data.SqlClient.SqlCommand.<>c.<ExecuteDbDataReaderAsync>b__211_0(Task`1 result)
   at System.Threading.Tasks.ContinuationResultTaskFromResultTask`2.InnerInvoke()
   at System.Threading.ExecutionContext.RunInternal(ExecutionContext executionContext, ContextCallback callback, Object state)
--- End of stack trace from previous location ---
   at System.Threading.ExecutionContext.RunInternal(ExecutionContext executionContext, ContextCallback callback, Object state)
   at System.Threading.Tasks.Task.ExecuteWithThreadLocal(Task& currentTaskSlot, Thread threadPoolThread)
--- End of stack trace from previous location ---
   at Microsoft.EntityFrameworkCore.Storage.RelationalCommand.ExecuteReaderAsync(RelationalCommandParameterObject parameterObject, CancellationToken cancellationToken)
   at Microsoft.EntityFrameworkCore.Storage.RelationalCommand.ExecuteReaderAsync(RelationalCommandParameterObject parameterObject, CancellationToken cancellationToken)
   at Microsoft.EntityFrameworkCore.Query.Internal.SplitQueryingEnumerable`1.AsyncEnumerator.InitializeReaderAsync(AsyncEnumerator enumerator, CancellationToken cancellationToken)
   at Microsoft.EntityFrameworkCore.SqlServer.Storage.Internal.SqlServerExecutionStrategy.ExecuteAsync[TState,TResult](TState state, Func`4 operation, Func`4 verifySucceeded, CancellationToken cancellationToken)
   at Microsoft.EntityFrameworkCore.Query.Internal.SplitQueryingEnumerable`1.AsyncEnumerator.MoveNextAsync()
ClientConnectionId:5b51cbdb-a594-4527-838d-6644d5f1766a
Error Number:207,State:1,Class:16
2025-08-16 10:48:50.370 +06:00 [Warning] (.) Application starting........
2025-08-16 10:48:50.377 +06:00 [Warning] (.) D:\OCT\Source\remwebsite\trunk\Real_Estate.server.api\logs\log-20251608.log
2025-08-16 10:55:54.843 +06:00 [Warning] (.) Application starting........
2025-08-16 10:55:54.850 +06:00 [Warning] (.) D:\OCT\Source\remwebsite\trunk\Real_Estate.server.api\logs\log-20251608.log
2025-08-16 12:12:08.576 +06:00 [Warning] (.) Application starting........
2025-08-16 12:12:08.583 +06:00 [Warning] (.) D:\OCT\Source\remwebsite\trunk\Real_Estate.server.api\logs\log-20251608.log
