2025-09-01 08:47:49.405 +06:00 [Warning] (.) Application starting........
2025-09-01 08:47:49.415 +06:00 [Warning] (.) D:\OCT\Source\remwebsite\trunk\Real_Estate.server.api\logs\log-20250109.log
2025-09-01 08:47:52.237 +06:00 [Warning] (Microsoft.AspNetCore.StaticFiles.StaticFileMiddleware.) The WebRootPath was not found: "D:\OCT\Source\remwebsite\trunk\Real_Estate.server.api\wwwroot". Static files may be unavailable.
2025-09-01 12:40:50.891 +06:00 [Warning] (.) Application starting........
2025-09-01 12:40:50.911 +06:00 [Warning] (.) D:\OCT\Source\remwebsite\trunk\Real_Estate.server.api\logs\log-20250109.log
2025-09-01 12:40:54.881 +06:00 [Warning] (Microsoft.AspNetCore.StaticFiles.StaticFileMiddleware.) The WebRootPath was not found: "D:\OCT\Source\remwebsite\trunk\Real_Estate.server.api\wwwroot". Static files may be unavailable.
2025-09-01 16:18:50.686 +06:00 [Warning] (.) Application starting........
2025-09-01 16:18:50.695 +06:00 [Warning] (.) D:\OCT\Source\remwebsite\trunk\Real_Estate.server.api\logs\log-20250109.log
2025-09-01 16:18:53.413 +06:00 [Warning] (Microsoft.AspNetCore.StaticFiles.StaticFileMiddleware.) The WebRootPath was not found: "D:\OCT\Source\remwebsite\trunk\Real_Estate.server.api\wwwroot". Static files may be unavailable.
2025-09-01 16:22:58.439 +06:00 [Warning] (.) Application starting........
2025-09-01 16:22:58.451 +06:00 [Warning] (.) D:\OCT\Source\remwebsite\trunk\Real_Estate.server.api\logs\log-20250109.log
2025-09-01 16:23:00.138 +06:00 [Warning] (Microsoft.AspNetCore.StaticFiles.StaticFileMiddleware.) The WebRootPath was not found: "D:\OCT\Source\remwebsite\trunk\Real_Estate.server.api\wwwroot". Static files may be unavailable.
2025-09-01 16:32:32.364 +06:00 [Warning] (.) Application starting........
2025-09-01 16:32:32.382 +06:00 [Warning] (.) D:\OCT\Source\remwebsite\trunk\Real_Estate.server.api\logs\log-20250109.log
2025-09-01 16:32:33.949 +06:00 [Warning] (Microsoft.AspNetCore.StaticFiles.StaticFileMiddleware.) The WebRootPath was not found: "D:\OCT\Source\remwebsite\trunk\Real_Estate.server.api\wwwroot". Static files may be unavailable.
2025-09-01 16:33:26.888 +06:00 [Warning] (.) Application starting........
2025-09-01 16:33:26.901 +06:00 [Warning] (.) D:\OCT\Source\remwebsite\trunk\Real_Estate.server.api\logs\log-20250109.log
2025-09-01 16:33:28.366 +06:00 [Warning] (Microsoft.AspNetCore.StaticFiles.StaticFileMiddleware.) The WebRootPath was not found: "D:\OCT\Source\remwebsite\trunk\Real_Estate.server.api\wwwroot". Static files may be unavailable.
2025-09-01 16:33:29.719 +06:00 [Error] (Microsoft.AspNetCore.Diagnostics.DeveloperExceptionPageMiddleware.) An unhandled exception has occurred while executing the request.
Swashbuckle.AspNetCore.SwaggerGen.SwaggerGeneratorException: Ambiguous HTTP method for action - Real_Estate.server.api.Controllers.HomeController.Index (Real_Estate.server.api). Actions require an explicit HttpMethod binding for Swagger/OpenAPI 3.0
   at Swashbuckle.AspNetCore.SwaggerGen.SwaggerGenerator.GenerateOperations(IEnumerable`1 apiDescriptions, SchemaRepository schemaRepository)
   at Swashbuckle.AspNetCore.SwaggerGen.SwaggerGenerator.GeneratePaths(IEnumerable`1 apiDescriptions, SchemaRepository schemaRepository)
   at Swashbuckle.AspNetCore.SwaggerGen.SwaggerGenerator.GetSwaggerDocumentWithoutFilters(String documentName, String host, String basePath)
   at Swashbuckle.AspNetCore.SwaggerGen.SwaggerGenerator.GetSwaggerAsync(String documentName, String host, String basePath)
   at Swashbuckle.AspNetCore.Swagger.SwaggerMiddleware.Invoke(HttpContext httpContext, ISwaggerProvider swaggerProvider)
   at Microsoft.AspNetCore.Diagnostics.DeveloperExceptionPageMiddlewareImpl.Invoke(HttpContext context)
2025-09-01 16:33:38.218 +06:00 [Error] (Microsoft.AspNetCore.Diagnostics.DeveloperExceptionPageMiddleware.) An unhandled exception has occurred while executing the request.
Swashbuckle.AspNetCore.SwaggerGen.SwaggerGeneratorException: Ambiguous HTTP method for action - Real_Estate.server.api.Controllers.HomeController.Index (Real_Estate.server.api). Actions require an explicit HttpMethod binding for Swagger/OpenAPI 3.0
   at Swashbuckle.AspNetCore.SwaggerGen.SwaggerGenerator.GenerateOperations(IEnumerable`1 apiDescriptions, SchemaRepository schemaRepository)
   at Swashbuckle.AspNetCore.SwaggerGen.SwaggerGenerator.GeneratePaths(IEnumerable`1 apiDescriptions, SchemaRepository schemaRepository)
   at Swashbuckle.AspNetCore.SwaggerGen.SwaggerGenerator.GetSwaggerDocumentWithoutFilters(String documentName, String host, String basePath)
   at Swashbuckle.AspNetCore.SwaggerGen.SwaggerGenerator.GetSwaggerAsync(String documentName, String host, String basePath)
   at Swashbuckle.AspNetCore.Swagger.SwaggerMiddleware.Invoke(HttpContext httpContext, ISwaggerProvider swaggerProvider)
   at Microsoft.AspNetCore.Diagnostics.DeveloperExceptionPageMiddlewareImpl.Invoke(HttpContext context)
2025-09-01 16:39:06.213 +06:00 [Warning] (.) Application starting........
2025-09-01 16:39:06.227 +06:00 [Warning] (.) D:\OCT\Source\remwebsite\trunk\Real_Estate.server.api\logs\log-20250109.log
2025-09-01 16:39:07.734 +06:00 [Warning] (Microsoft.AspNetCore.StaticFiles.StaticFileMiddleware.) The WebRootPath was not found: "D:\OCT\Source\remwebsite\trunk\Real_Estate.server.api\wwwroot". Static files may be unavailable.
2025-09-01 16:39:09.048 +06:00 [Error] (Microsoft.AspNetCore.Diagnostics.DeveloperExceptionPageMiddleware.) An unhandled exception has occurred while executing the request.
Swashbuckle.AspNetCore.SwaggerGen.SwaggerGeneratorException: Ambiguous HTTP method for action - Real_Estate.server.api.Controllers.HomeController.Index (Real_Estate.server.api). Actions require an explicit HttpMethod binding for Swagger/OpenAPI 3.0
   at Swashbuckle.AspNetCore.SwaggerGen.SwaggerGenerator.GenerateOperations(IEnumerable`1 apiDescriptions, SchemaRepository schemaRepository)
   at Swashbuckle.AspNetCore.SwaggerGen.SwaggerGenerator.GeneratePaths(IEnumerable`1 apiDescriptions, SchemaRepository schemaRepository)
   at Swashbuckle.AspNetCore.SwaggerGen.SwaggerGenerator.GetSwaggerDocumentWithoutFilters(String documentName, String host, String basePath)
   at Swashbuckle.AspNetCore.SwaggerGen.SwaggerGenerator.GetSwaggerAsync(String documentName, String host, String basePath)
   at Swashbuckle.AspNetCore.Swagger.SwaggerMiddleware.Invoke(HttpContext httpContext, ISwaggerProvider swaggerProvider)
   at Microsoft.AspNetCore.Diagnostics.DeveloperExceptionPageMiddlewareImpl.Invoke(HttpContext context)
2025-09-01 16:41:03.627 +06:00 [Warning] (.) Application starting........
2025-09-01 16:41:03.639 +06:00 [Warning] (.) D:\OCT\Source\remwebsite\trunk\Real_Estate.server.api\logs\log-20250109.log
2025-09-01 16:41:05.143 +06:00 [Warning] (Microsoft.AspNetCore.StaticFiles.StaticFileMiddleware.) The WebRootPath was not found: "D:\OCT\Source\remwebsite\trunk\Real_Estate.server.api\wwwroot". Static files may be unavailable.
2025-09-01 16:41:06.488 +06:00 [Error] (Microsoft.AspNetCore.Diagnostics.DeveloperExceptionPageMiddleware.) An unhandled exception has occurred while executing the request.
Swashbuckle.AspNetCore.SwaggerGen.SwaggerGeneratorException: Ambiguous HTTP method for action - Real_Estate.server.api.Controllers.HomeController.Index (Real_Estate.server.api). Actions require an explicit HttpMethod binding for Swagger/OpenAPI 3.0
   at Swashbuckle.AspNetCore.SwaggerGen.SwaggerGenerator.GenerateOperations(IEnumerable`1 apiDescriptions, SchemaRepository schemaRepository)
   at Swashbuckle.AspNetCore.SwaggerGen.SwaggerGenerator.GeneratePaths(IEnumerable`1 apiDescriptions, SchemaRepository schemaRepository)
   at Swashbuckle.AspNetCore.SwaggerGen.SwaggerGenerator.GetSwaggerDocumentWithoutFilters(String documentName, String host, String basePath)
   at Swashbuckle.AspNetCore.SwaggerGen.SwaggerGenerator.GetSwaggerAsync(String documentName, String host, String basePath)
   at Swashbuckle.AspNetCore.Swagger.SwaggerMiddleware.Invoke(HttpContext httpContext, ISwaggerProvider swaggerProvider)
   at Microsoft.AspNetCore.Diagnostics.DeveloperExceptionPageMiddlewareImpl.Invoke(HttpContext context)
2025-09-01 16:44:27.673 +06:00 [Warning] (.) Application starting........
2025-09-01 16:44:27.687 +06:00 [Warning] (.) D:\OCT\Source\remwebsite\trunk\Real_Estate.server.api\logs\log-20250109.log
2025-09-01 16:44:29.678 +06:00 [Warning] (Microsoft.AspNetCore.StaticFiles.StaticFileMiddleware.) The WebRootPath was not found: "D:\OCT\Source\remwebsite\trunk\Real_Estate.server.api\wwwroot". Static files may be unavailable.
2025-09-01 16:44:32.240 +06:00 [Error] (Microsoft.AspNetCore.Diagnostics.DeveloperExceptionPageMiddleware.) An unhandled exception has occurred while executing the request.
Swashbuckle.AspNetCore.SwaggerGen.SwaggerGeneratorException: Ambiguous HTTP method for action - Real_Estate.server.api.Controllers.HomeController.Index (Real_Estate.server.api). Actions require an explicit HttpMethod binding for Swagger/OpenAPI 3.0
   at Swashbuckle.AspNetCore.SwaggerGen.SwaggerGenerator.GenerateOperations(IEnumerable`1 apiDescriptions, SchemaRepository schemaRepository)
   at Swashbuckle.AspNetCore.SwaggerGen.SwaggerGenerator.GeneratePaths(IEnumerable`1 apiDescriptions, SchemaRepository schemaRepository)
   at Swashbuckle.AspNetCore.SwaggerGen.SwaggerGenerator.GetSwaggerDocumentWithoutFilters(String documentName, String host, String basePath)
   at Swashbuckle.AspNetCore.SwaggerGen.SwaggerGenerator.GetSwaggerAsync(String documentName, String host, String basePath)
   at Swashbuckle.AspNetCore.Swagger.SwaggerMiddleware.Invoke(HttpContext httpContext, ISwaggerProvider swaggerProvider)
   at Swashbuckle.AspNetCore.SwaggerUI.SwaggerUIMiddleware.Invoke(HttpContext httpContext)
   at Microsoft.AspNetCore.Diagnostics.DeveloperExceptionPageMiddlewareImpl.Invoke(HttpContext context)
2025-09-01 16:46:15.337 +06:00 [Warning] (.) Application starting........
2025-09-01 16:46:15.351 +06:00 [Warning] (.) D:\OCT\Source\remwebsite\trunk\Real_Estate.server.api\logs\log-20250109.log
2025-09-01 16:46:16.829 +06:00 [Warning] (Microsoft.AspNetCore.StaticFiles.StaticFileMiddleware.) The WebRootPath was not found: "D:\OCT\Source\remwebsite\trunk\Real_Estate.server.api\wwwroot". Static files may be unavailable.
