2025-09-10 10:07:26.257 +06:00 [Warning] (.) Application starting...
2025-09-10 10:07:26.265 +06:00 [Warning] (.) Log path: D:\OCT\Source\remwebsite\trunk\Real_Estate.server.api\logs\log-20250910.log
2025-09-10 10:07:29.343 +06:00 [Error] (Microsoft.EntityFrameworkCore.Database.Command.) Failed executing DbCommand ("15"ms) [Parameters=[""], CommandType='Text', CommandTimeout='300']"
""EXEC sp_rename N'[Testimonials].[UserType]', N'CustomerType', 'COLUMN';"
2025-09-10 10:11:05.670 +06:00 [Warning] (.) Application starting...
2025-09-10 10:11:05.712 +06:00 [Warning] (.) Log path: D:\OCT\Source\remwebsite\trunk\Real_Estate.server.api\logs\log-20250910.log
2025-09-10 10:11:11.628 +06:00 [Warning] (.) Application starting...
2025-09-10 10:11:11.637 +06:00 [Warning] (.) Log path: D:\OCT\Source\remwebsite\trunk\Real_Estate.server.api\logs\log-20250910.log
2025-09-10 10:11:20.983 +06:00 [Warning] (.) Application starting...
2025-09-10 10:11:20.989 +06:00 [Warning] (.) Log path: D:\OCT\Source\remwebsite\trunk\Real_Estate.server.api\logs\log-20250910.log
2025-09-10 10:11:22.073 +06:00 [Error] (Microsoft.EntityFrameworkCore.Database.Command.) Failed executing DbCommand ("7"ms) [Parameters=[""], CommandType='Text', CommandTimeout='300']"
""CREATE TABLE [AspNetRoles] (
    [Id] nvarchar(450) NOT NULL,
    [Name] nvarchar(256) NULL,
    [NormalizedName] nvarchar(256) NULL,
    [ConcurrencyStamp] nvarchar(max) NULL,
    CONSTRAINT [PK_AspNetRoles] PRIMARY KEY ([Id])
);"
2025-09-10 15:18:38.976 +06:00 [Warning] (.) Application starting...
2025-09-10 15:18:38.990 +06:00 [Warning] (.) Log path: D:\OCT\Source\remwebsite\trunk\Real_Estate.server.api\logs\log-20250910.log
2025-09-10 15:18:43.618 +06:00 [Warning] (Microsoft.AspNetCore.StaticFiles.StaticFileMiddleware.) The WebRootPath was not found: "D:\OCT\Source\remwebsite\trunk\Real_Estate.server.api\wwwroot". Static files may be unavailable.
2025-09-10 15:24:27.703 +06:00 [Warning] (.) Application starting...
2025-09-10 15:24:27.718 +06:00 [Warning] (.) Log path: D:\OCT\Source\remwebsite\trunk\Real_Estate.server.api\logs\log-20250910.log
2025-09-10 15:24:30.012 +06:00 [Warning] (Microsoft.AspNetCore.StaticFiles.StaticFileMiddleware.) The WebRootPath was not found: "D:\OCT\Source\remwebsite\trunk\Real_Estate.server.api\wwwroot". Static files may be unavailable.
2025-09-10 16:24:00.623 +06:00 [Warning] (.) Application starting...
2025-09-10 16:24:00.640 +06:00 [Warning] (.) Log path: D:\OCT\Source\remwebsite\trunk\Real_Estate.server.api\logs\log-20250910.log
2025-09-10 16:24:03.129 +06:00 [Warning] (Microsoft.AspNetCore.StaticFiles.StaticFileMiddleware.) The WebRootPath was not found: "D:\OCT\Source\remwebsite\trunk\Real_Estate.server.api\wwwroot". Static files may be unavailable.
2025-09-10 16:34:14.422 +06:00 [Warning] (.) Application starting...
2025-09-10 16:34:14.429 +06:00 [Warning] (.) Log path: D:\OCT\Source\remwebsite\trunk\Real_Estate.server.api\logs\log-20250910.log
2025-09-10 16:34:28.465 +06:00 [Error] (Microsoft.EntityFrameworkCore.Database.Command.) Failed executing DbCommand ("3"ms) [Parameters=[""], CommandType='Text', CommandTimeout='300']"
""EXEC sp_rename N'[Testimonials].[UserType]', N'CustomerType', 'COLUMN';"
2025-09-10 16:34:28.949 +06:00 [Error] (Microsoft.EntityFrameworkCore.Database.Command.) Failed executing DbCommand ("94"ms) [Parameters=["@__normalizedName_0='?' (Size = 256)"], CommandType='Text', CommandTimeout='300']"
""SELECT TOP(1) [a].[Id], [a].[ConcurrencyStamp], [a].[Name], [a].[NormalizedName]
FROM [AspNetRoles] AS [a]
WHERE [a].[NormalizedName] = @__normalizedName_0"
2025-09-10 16:34:28.973 +06:00 [Error] (Microsoft.EntityFrameworkCore.Query.) An exception occurred while iterating over the results of a query for context type '"Real_Estate.server.api.Data.ApplicationDbContext"'."
""Microsoft.Data.SqlClient.SqlException (0x80131904): Invalid object name 'AspNetRoles'.
   at Microsoft.Data.SqlClient.SqlCommand.<>c.<ExecuteDbDataReaderAsync>b__195_0(Task`1 result)
   at System.Threading.Tasks.ContinuationResultTaskFromResultTask`2.InnerInvoke()
   at System.Threading.ExecutionContext.RunInternal(ExecutionContext executionContext, ContextCallback callback, Object state)
--- End of stack trace from previous location ---
   at System.Threading.ExecutionContext.RunInternal(ExecutionContext executionContext, ContextCallback callback, Object state)
   at System.Threading.Tasks.Task.ExecuteWithThreadLocal(Task& currentTaskSlot, Thread threadPoolThread)
--- End of stack trace from previous location ---
   at Microsoft.EntityFrameworkCore.Storage.RelationalCommand.ExecuteReaderAsync(RelationalCommandParameterObject parameterObject, CancellationToken cancellationToken)
   at Microsoft.EntityFrameworkCore.Storage.RelationalCommand.ExecuteReaderAsync(RelationalCommandParameterObject parameterObject, CancellationToken cancellationToken)
   at Microsoft.EntityFrameworkCore.Query.Internal.SplitQueryingEnumerable`1.AsyncEnumerator.InitializeReaderAsync(AsyncEnumerator enumerator, CancellationToken cancellationToken)
   at Microsoft.EntityFrameworkCore.SqlServer.Storage.Internal.SqlServerExecutionStrategy.ExecuteAsync[TState,TResult](TState state, Func`4 operation, Func`4 verifySucceeded, CancellationToken cancellationToken)
   at Microsoft.EntityFrameworkCore.Query.Internal.SplitQueryingEnumerable`1.AsyncEnumerator.MoveNextAsync()
ClientConnectionId:ac5239f4-4af6-46e2-a9ad-71e826fb989a
Error Number:208,State:1,Class:16"
Microsoft.Data.SqlClient.SqlException (0x80131904): Invalid object name 'AspNetRoles'.
   at Microsoft.Data.SqlClient.SqlCommand.<>c.<ExecuteDbDataReaderAsync>b__195_0(Task`1 result)
   at System.Threading.Tasks.ContinuationResultTaskFromResultTask`2.InnerInvoke()
   at System.Threading.ExecutionContext.RunInternal(ExecutionContext executionContext, ContextCallback callback, Object state)
--- End of stack trace from previous location ---
   at System.Threading.ExecutionContext.RunInternal(ExecutionContext executionContext, ContextCallback callback, Object state)
   at System.Threading.Tasks.Task.ExecuteWithThreadLocal(Task& currentTaskSlot, Thread threadPoolThread)
--- End of stack trace from previous location ---
   at Microsoft.EntityFrameworkCore.Storage.RelationalCommand.ExecuteReaderAsync(RelationalCommandParameterObject parameterObject, CancellationToken cancellationToken)
   at Microsoft.EntityFrameworkCore.Storage.RelationalCommand.ExecuteReaderAsync(RelationalCommandParameterObject parameterObject, CancellationToken cancellationToken)
   at Microsoft.EntityFrameworkCore.Query.Internal.SplitQueryingEnumerable`1.AsyncEnumerator.InitializeReaderAsync(AsyncEnumerator enumerator, CancellationToken cancellationToken)
   at Microsoft.EntityFrameworkCore.SqlServer.Storage.Internal.SqlServerExecutionStrategy.ExecuteAsync[TState,TResult](TState state, Func`4 operation, Func`4 verifySucceeded, CancellationToken cancellationToken)
   at Microsoft.EntityFrameworkCore.Query.Internal.SplitQueryingEnumerable`1.AsyncEnumerator.MoveNextAsync()
ClientConnectionId:ac5239f4-4af6-46e2-a9ad-71e826fb989a
Error Number:208,State:1,Class:16
2025-09-10 16:34:29.103 +06:00 [Error] (.) Failed to seed data: Invalid object name 'AspNetRoles'.
2025-09-10 16:34:29.409 +06:00 [Warning] (Microsoft.AspNetCore.StaticFiles.StaticFileMiddleware.) The WebRootPath was not found: "D:\OCT\Source\remwebsite\trunk\Real_Estate.server.api\wwwroot". Static files may be unavailable.
2025-09-10 16:34:31.430 +06:00 [Error] (Microsoft.EntityFrameworkCore.Database.Command.) Failed executing DbCommand ("2"ms) [Parameters=[""], CommandType='Text', CommandTimeout='300']"
""SELECT [a].[Id], [a].[History], [a].[Mission], [a].[MissionImage], [a].[OwnerDesignation], [a].[OwnerImage], [a].[OwnerName], [a].[OwnerSpeech], [a].[Vision], [a].[VisionImage]
FROM [Aboutus] AS [a]"
2025-09-10 16:34:31.432 +06:00 [Error] (Microsoft.EntityFrameworkCore.Query.) An exception occurred while iterating over the results of a query for context type '"Real_Estate.server.api.Data.ApplicationDbContext"'."
""Microsoft.Data.SqlClient.SqlException (0x80131904): Invalid object name 'Aboutus'.
   at Microsoft.Data.SqlClient.SqlCommand.<>c.<ExecuteDbDataReaderAsync>b__195_0(Task`1 result)
   at System.Threading.Tasks.ContinuationResultTaskFromResultTask`2.InnerInvoke()
   at System.Threading.ExecutionContext.RunInternal(ExecutionContext executionContext, ContextCallback callback, Object state)
--- End of stack trace from previous location ---
   at System.Threading.ExecutionContext.RunInternal(ExecutionContext executionContext, ContextCallback callback, Object state)
   at System.Threading.Tasks.Task.ExecuteWithThreadLocal(Task& currentTaskSlot, Thread threadPoolThread)
--- End of stack trace from previous location ---
   at Microsoft.EntityFrameworkCore.Storage.RelationalCommand.ExecuteReaderAsync(RelationalCommandParameterObject parameterObject, CancellationToken cancellationToken)
   at Microsoft.EntityFrameworkCore.Storage.RelationalCommand.ExecuteReaderAsync(RelationalCommandParameterObject parameterObject, CancellationToken cancellationToken)
   at Microsoft.EntityFrameworkCore.Query.Internal.SplitQueryingEnumerable`1.AsyncEnumerator.InitializeReaderAsync(AsyncEnumerator enumerator, CancellationToken cancellationToken)
   at Microsoft.EntityFrameworkCore.SqlServer.Storage.Internal.SqlServerExecutionStrategy.ExecuteAsync[TState,TResult](TState state, Func`4 operation, Func`4 verifySucceeded, CancellationToken cancellationToken)
   at Microsoft.EntityFrameworkCore.Query.Internal.SplitQueryingEnumerable`1.AsyncEnumerator.MoveNextAsync()
ClientConnectionId:ac5239f4-4af6-46e2-a9ad-71e826fb989a
Error Number:208,State:1,Class:16"
Microsoft.Data.SqlClient.SqlException (0x80131904): Invalid object name 'Aboutus'.
   at Microsoft.Data.SqlClient.SqlCommand.<>c.<ExecuteDbDataReaderAsync>b__195_0(Task`1 result)
   at System.Threading.Tasks.ContinuationResultTaskFromResultTask`2.InnerInvoke()
   at System.Threading.ExecutionContext.RunInternal(ExecutionContext executionContext, ContextCallback callback, Object state)
--- End of stack trace from previous location ---
   at System.Threading.ExecutionContext.RunInternal(ExecutionContext executionContext, ContextCallback callback, Object state)
   at System.Threading.Tasks.Task.ExecuteWithThreadLocal(Task& currentTaskSlot, Thread threadPoolThread)
--- End of stack trace from previous location ---
   at Microsoft.EntityFrameworkCore.Storage.RelationalCommand.ExecuteReaderAsync(RelationalCommandParameterObject parameterObject, CancellationToken cancellationToken)
   at Microsoft.EntityFrameworkCore.Storage.RelationalCommand.ExecuteReaderAsync(RelationalCommandParameterObject parameterObject, CancellationToken cancellationToken)
   at Microsoft.EntityFrameworkCore.Query.Internal.SplitQueryingEnumerable`1.AsyncEnumerator.InitializeReaderAsync(AsyncEnumerator enumerator, CancellationToken cancellationToken)
   at Microsoft.EntityFrameworkCore.SqlServer.Storage.Internal.SqlServerExecutionStrategy.ExecuteAsync[TState,TResult](TState state, Func`4 operation, Func`4 verifySucceeded, CancellationToken cancellationToken)
   at Microsoft.EntityFrameworkCore.Query.Internal.SplitQueryingEnumerable`1.AsyncEnumerator.MoveNextAsync()
ClientConnectionId:ac5239f4-4af6-46e2-a9ad-71e826fb989a
Error Number:208,State:1,Class:16
2025-09-10 16:34:37.493 +06:00 [Error] (Microsoft.AspNetCore.Diagnostics.DeveloperExceptionPageMiddleware.) An unhandled exception has occurred while executing the request.
Microsoft.Data.SqlClient.SqlException (0x80131904): Invalid object name 'Aboutus'.
   at Microsoft.Data.SqlClient.SqlCommand.<>c.<ExecuteDbDataReaderAsync>b__195_0(Task`1 result)
   at System.Threading.Tasks.ContinuationResultTaskFromResultTask`2.InnerInvoke()
   at System.Threading.ExecutionContext.RunInternal(ExecutionContext executionContext, ContextCallback callback, Object state)
--- End of stack trace from previous location ---
   at System.Threading.ExecutionContext.RunInternal(ExecutionContext executionContext, ContextCallback callback, Object state)
   at System.Threading.Tasks.Task.ExecuteWithThreadLocal(Task& currentTaskSlot, Thread threadPoolThread)
--- End of stack trace from previous location ---
   at Microsoft.EntityFrameworkCore.Storage.RelationalCommand.ExecuteReaderAsync(RelationalCommandParameterObject parameterObject, CancellationToken cancellationToken)
   at Microsoft.EntityFrameworkCore.Storage.RelationalCommand.ExecuteReaderAsync(RelationalCommandParameterObject parameterObject, CancellationToken cancellationToken)
   at Microsoft.EntityFrameworkCore.Query.Internal.SplitQueryingEnumerable`1.AsyncEnumerator.InitializeReaderAsync(AsyncEnumerator enumerator, CancellationToken cancellationToken)
   at Microsoft.EntityFrameworkCore.SqlServer.Storage.Internal.SqlServerExecutionStrategy.ExecuteAsync[TState,TResult](TState state, Func`4 operation, Func`4 verifySucceeded, CancellationToken cancellationToken)
   at Microsoft.EntityFrameworkCore.Query.Internal.SplitQueryingEnumerable`1.AsyncEnumerator.MoveNextAsync()
   at Microsoft.EntityFrameworkCore.EntityFrameworkQueryableExtensions.ToListAsync[TSource](IQueryable`1 source, CancellationToken cancellationToken)
   at Microsoft.EntityFrameworkCore.EntityFrameworkQueryableExtensions.ToListAsync[TSource](IQueryable`1 source, CancellationToken cancellationToken)
   at Real_Estate.server.api.Controllers.AboutusController.GetAll() in D:\OCT\Source\remwebsite\trunk\Real_Estate.server.api\Controllers\AboutusController.cs:line 24
   at Microsoft.AspNetCore.Mvc.Infrastructure.ActionMethodExecutor.TaskOfIActionResultExecutor.Execute(ActionContext actionContext, IActionResultTypeMapper mapper, ObjectMethodExecutor executor, Object controller, Object[] arguments)
   at Microsoft.AspNetCore.Mvc.Infrastructure.ControllerActionInvoker.<InvokeActionMethodAsync>g__Awaited|12_0(ControllerActionInvoker invoker, ValueTask`1 actionResultValueTask)
   at Microsoft.AspNetCore.Mvc.Infrastructure.ControllerActionInvoker.<InvokeNextActionFilterAsync>g__Awaited|10_0(ControllerActionInvoker invoker, Task lastTask, State next, Scope scope, Object state, Boolean isCompleted)
   at Microsoft.AspNetCore.Mvc.Infrastructure.ControllerActionInvoker.Rethrow(ActionExecutedContextSealed context)
   at Microsoft.AspNetCore.Mvc.Infrastructure.ControllerActionInvoker.Next(State& next, Scope& scope, Object& state, Boolean& isCompleted)
   at Microsoft.AspNetCore.Mvc.Infrastructure.ControllerActionInvoker.<InvokeInnerFilterAsync>g__Awaited|13_0(ControllerActionInvoker invoker, Task lastTask, State next, Scope scope, Object state, Boolean isCompleted)
   at Microsoft.AspNetCore.Mvc.Infrastructure.ResourceInvoker.<InvokeFilterPipelineAsync>g__Awaited|20_0(ResourceInvoker invoker, Task lastTask, State next, Scope scope, Object state, Boolean isCompleted)
   at Microsoft.AspNetCore.Mvc.Infrastructure.ResourceInvoker.<InvokeAsync>g__Awaited|17_0(ResourceInvoker invoker, Task task, IDisposable scope)
   at Microsoft.AspNetCore.Mvc.Infrastructure.ResourceInvoker.<InvokeAsync>g__Awaited|17_0(ResourceInvoker invoker, Task task, IDisposable scope)
   at Microsoft.AspNetCore.Authorization.AuthorizationMiddleware.Invoke(HttpContext context)
   at Microsoft.AspNetCore.Authentication.AuthenticationMiddleware.Invoke(HttpContext context)
   at Microsoft.AspNetCore.Diagnostics.DeveloperExceptionPageMiddlewareImpl.Invoke(HttpContext context)
ClientConnectionId:ac5239f4-4af6-46e2-a9ad-71e826fb989a
Error Number:208,State:1,Class:16
2025-09-10 16:34:59.772 +06:00 [Warning] (.) Application starting...
2025-09-10 16:34:59.781 +06:00 [Warning] (.) Log path: D:\OCT\Source\remwebsite\trunk\Real_Estate.server.api\logs\log-20250910.log
2025-09-10 16:35:19.307 +06:00 [Warning] (.) Application starting...
2025-09-10 16:35:19.313 +06:00 [Warning] (.) Log path: D:\OCT\Source\remwebsite\trunk\Real_Estate.server.api\logs\log-20250910.log
2025-09-10 16:35:32.452 +06:00 [Warning] (.) Application starting...
2025-09-10 16:35:32.458 +06:00 [Warning] (.) Log path: D:\OCT\Source\remwebsite\trunk\Real_Estate.server.api\logs\log-20250910.log
2025-09-10 16:35:37.968 +06:00 [Warning] (.) Application starting...
2025-09-10 16:35:37.982 +06:00 [Warning] (.) Log path: D:\OCT\Source\remwebsite\trunk\Real_Estate.server.api\logs\log-20250910.log
2025-09-10 16:35:40.356 +06:00 [Warning] (Microsoft.AspNetCore.StaticFiles.StaticFileMiddleware.) The WebRootPath was not found: "D:\OCT\Source\remwebsite\trunk\Real_Estate.server.api\wwwroot". Static files may be unavailable.
2025-09-10 17:33:05.383 +06:00 [Warning] (.) Application starting...
2025-09-10 17:33:05.392 +06:00 [Warning] (.) Log path: D:\OCT\Source\remwebsite\trunk\Real_Estate.server.api\logs\log-20250910.log
2025-09-10 17:33:08.109 +06:00 [Warning] (Microsoft.AspNetCore.StaticFiles.StaticFileMiddleware.) The WebRootPath was not found: "D:\OCT\Source\remwebsite\trunk\Real_Estate.server.api\wwwroot". Static files may be unavailable.
